This is pdfTeX, Version 3.14159265-2.6-1.40.19 (TeX Live 2018) (preloaded format=pdflatex 2018.4.16)  13 APR 2019 23:07
entering extended mode
 restricted \write18 enabled.
 file:line:error style messages enabled.
 %&-line parsing enabled.
**Herrington_thesis.tex
(./Herrington_thesis.tex
LaTeX2e <2018-04-01> patch level 2
Babel <3.18> and hyphenation patterns for 84 language(s) loaded.
(/usr/local/texlive/2018/texmf-dist/tex/latex/base/article.cls
Document Class: article 2014/09/29 v1.4h Standard LaTeX document class
(/usr/local/texlive/2018/texmf-dist/tex/latex/base/size12.clo
File: size12.clo 2014/09/29 v1.4h Standard LaTeX file (size option)
)
\c@part=\count80
\c@section=\count81
\c@subsection=\count82
\c@subsubsection=\count83
\c@paragraph=\count84
\c@subparagraph=\count85
\c@figure=\count86
\c@table=\count87
\abovecaptionskip=\skip41
\belowcaptionskip=\skip42
\bibindent=\dimen102
)
(/usr/local/texlive/2018/texmf-dist/tex/latex/tree-dvips/lingmacros.sty
\c@enums=\count88
\widelabel=\dimen103
\c@tempcnt=\count89
\c@enumsi=\count90
\eeindent=\dimen104
)
(/usr/local/texlive/2018/texmf-dist/tex/latex/tree-dvips/tree-dvips.sty
tree-dvips version .91 of May 16, 1995
\nodemargin=\dimen105
\treelinewidth=\dimen106
\dashlength=\dimen107
\arrowwidth=\dimen108
\arrowlength=\dimen109
\arrowinset=\dimen110
\pos@t=\toks14
\pos@b=\toks15
\pos@l=\toks16
\pos@r=\toks17
\pos@tl=\toks18
\pos@tr=\toks19
\pos@bl=\toks20
\pos@br=\toks21
\@arrow=\count91
\@tempdimc=\dimen111
) (/usr/local/texlive/2018/texmf-dist/tex/latex/geometry/geometry.sty
Package: geometry 2018/03/24 v5.7 Page Geometry

(/usr/local/texlive/2018/texmf-dist/tex/latex/graphics/keyval.sty
Package: keyval 2014/10/28 v1.15 key=value parser (DPC)
\KV@toks@=\toks22
)
(/usr/local/texlive/2018/texmf-dist/tex/generic/oberdiek/ifpdf.sty
Package: ifpdf 2017/03/15 v3.2 Provides the ifpdf switch
)
(/usr/local/texlive/2018/texmf-dist/tex/generic/oberdiek/ifvtex.sty
Package: ifvtex 2016/05/16 v1.6 Detect VTeX and its facilities (HO)
Package ifvtex Info: VTeX not detected.
)
(/usr/local/texlive/2018/texmf-dist/tex/generic/ifxetex/ifxetex.sty
Package: ifxetex 2010/09/12 v0.6 Provides ifxetex conditional
)
\Gm@cnth=\count92
\Gm@cntv=\count93
\c@Gm@tempcnt=\count94
\Gm@bindingoffset=\dimen112
\Gm@wd@mp=\dimen113
\Gm@odd@mp=\dimen114
\Gm@even@mp=\dimen115
\Gm@layoutwidth=\dimen116
\Gm@layoutheight=\dimen117
\Gm@layouthoffset=\dimen118
\Gm@layoutvoffset=\dimen119
\Gm@dimlist=\toks23
)
(/usr/local/texlive/2018/texmf-dist/tex/latex/setspace/setspace.sty
Package: setspace 2011/12/19 v6.7a set line spacing
)
(/usr/local/texlive/2018/texmf-dist/tex/latex/amsmath/amsmath.sty
Package: amsmath 2017/09/02 v2.17a AMS math features
\@mathmargin=\skip43

For additional information on amsmath, use the `?' option.
(/usr/local/texlive/2018/texmf-dist/tex/latex/amsmath/amstext.sty
Package: amstext 2000/06/29 v2.01 AMS text

(/usr/local/texlive/2018/texmf-dist/tex/latex/amsmath/amsgen.sty
File: amsgen.sty 1999/11/30 v2.0 generic functions
\@emptytoks=\toks24
\ex@=\dimen120
))
(/usr/local/texlive/2018/texmf-dist/tex/latex/amsmath/amsbsy.sty
Package: amsbsy 1999/11/29 v1.2d Bold Symbols
\pmbraise@=\dimen121
)
(/usr/local/texlive/2018/texmf-dist/tex/latex/amsmath/amsopn.sty
Package: amsopn 2016/03/08 v2.02 operator names
)
\inf@bad=\count95
LaTeX Info: Redefining \frac on input line 213.
\uproot@=\count96
\leftroot@=\count97
LaTeX Info: Redefining \overline on input line 375.
\classnum@=\count98
\DOTSCASE@=\count99
LaTeX Info: Redefining \ldots on input line 472.
LaTeX Info: Redefining \dots on input line 475.
LaTeX Info: Redefining \cdots on input line 596.
\Mathstrutbox@=\box26
\strutbox@=\box27
\big@size=\dimen122
LaTeX Font Info:    Redeclaring font encoding OML on input line 712.
LaTeX Font Info:    Redeclaring font encoding OMS on input line 713.
\macc@depth=\count100
\c@MaxMatrixCols=\count101
\dotsspace@=\muskip10
\c@parentequation=\count102
\dspbrk@lvl=\count103
\tag@help=\toks25
\row@=\count104
\column@=\count105
\maxfields@=\count106
\andhelp@=\toks26
\eqnshift@=\dimen123
\alignsep@=\dimen124
\tagshift@=\dimen125
\tagwidth@=\dimen126
\totwidth@=\dimen127
\lineht@=\dimen128
\@envbody=\toks27
\multlinegap=\skip44
\multlinetaggap=\skip45
\mathdisplay@stack=\toks28
LaTeX Info: Redefining \[ on input line 2817.
LaTeX Info: Redefining \] on input line 2818.
)
(/usr/local/texlive/2018/texmf-dist/tex/latex/graphics/graphicx.sty
Package: graphicx 2017/06/01 v1.1a Enhanced LaTeX Graphics (DPC,SPQR)

(/usr/local/texlive/2018/texmf-dist/tex/latex/graphics/graphics.sty
Package: graphics 2017/06/25 v1.2c Standard LaTeX Graphics (DPC,SPQR)

(/usr/local/texlive/2018/texmf-dist/tex/latex/graphics/trig.sty
Package: trig 2016/01/03 v1.10 sin cos tan (DPC)
)
(/usr/local/texlive/2018/texmf-dist/tex/latex/graphics-cfg/graphics.cfg
File: graphics.cfg 2016/06/04 v1.11 sample graphics configuration
)
Package graphics Info: Driver file: pdftex.def on input line 99.

(/usr/local/texlive/2018/texmf-dist/tex/latex/graphics-def/pdftex.def
File: pdftex.def 2018/01/08 v1.0l Graphics/color driver for pdftex
))
\Gin@req@height=\dimen129
\Gin@req@width=\dimen130
)
(/usr/local/texlive/2018/texmf-dist/tex/latex/hyperref/hyperref.sty
Package: hyperref 2018/02/06 v6.86b Hypertext links for LaTeX

(/usr/local/texlive/2018/texmf-dist/tex/generic/oberdiek/hobsub-hyperref.sty
Package: hobsub-hyperref 2016/05/16 v1.14 Bundle oberdiek, subset hyperref (HO)


(/usr/local/texlive/2018/texmf-dist/tex/generic/oberdiek/hobsub-generic.sty
Package: hobsub-generic 2016/05/16 v1.14 Bundle oberdiek, subset generic (HO)
Package: hobsub 2016/05/16 v1.14 Construct package bundles (HO)
Package: infwarerr 2016/05/16 v1.4 Providing info/warning/error messages (HO)
Package: ltxcmds 2016/05/16 v1.23 LaTeX kernel commands for general use (HO)
Package: ifluatex 2016/05/16 v1.4 Provides the ifluatex switch (HO)
Package ifluatex Info: LuaTeX not detected.
Package hobsub Info: Skipping package `ifvtex' (already loaded).
Package: intcalc 2016/05/16 v1.2 Expandable calculations with integers (HO)
Package hobsub Info: Skipping package `ifpdf' (already loaded).
Package: etexcmds 2016/05/16 v1.6 Avoid name clashes with e-TeX commands (HO)
Package etexcmds Info: Could not find \expanded.
(etexcmds)             That can mean that you are not using pdfTeX 1.50 or
(etexcmds)             that some package has redefined \expanded.
(etexcmds)             In the latter case, load this package earlier.
Package: kvsetkeys 2016/05/16 v1.17 Key value parser (HO)
Package: kvdefinekeys 2016/05/16 v1.4 Define keys (HO)
Package: pdftexcmds 2018/01/30 v0.27 Utility functions of pdfTeX for LuaTeX (HO
)
Package pdftexcmds Info: LuaTeX not detected.
Package pdftexcmds Info: \pdf@primitive is available.
Package pdftexcmds Info: \pdf@ifprimitive is available.
Package pdftexcmds Info: \pdfdraftmode found.
Package: pdfescape 2016/05/16 v1.14 Implements pdfTeX's escape features (HO)
Package: bigintcalc 2016/05/16 v1.4 Expandable calculations on big integers (HO
)
Package: bitset 2016/05/16 v1.2 Handle bit-vector datatype (HO)
Package: uniquecounter 2016/05/16 v1.3 Provide unlimited unique counter (HO)
)
Package hobsub Info: Skipping package `hobsub' (already loaded).
Package: letltxmacro 2016/05/16 v1.5 Let assignment for LaTeX macros (HO)
Package: hopatch 2016/05/16 v1.3 Wrapper for package hooks (HO)
Package: xcolor-patch 2016/05/16 xcolor patch
Package: atveryend 2016/05/16 v1.9 Hooks at the very end of document (HO)
Package atveryend Info: \enddocument detected (standard20110627).
Package: atbegshi 2016/06/09 v1.18 At begin shipout hook (HO)
Package: refcount 2016/05/16 v3.5 Data extraction from label references (HO)
Package: hycolor 2016/05/16 v1.8 Color options for hyperref/bookmark (HO)
)
(/usr/local/texlive/2018/texmf-dist/tex/latex/oberdiek/auxhook.sty
Package: auxhook 2016/05/16 v1.4 Hooks for auxiliary files (HO)
)
(/usr/local/texlive/2018/texmf-dist/tex/latex/oberdiek/kvoptions.sty
Package: kvoptions 2016/05/16 v3.12 Key value format for package options (HO)
)
\@linkdim=\dimen131
\Hy@linkcounter=\count107
\Hy@pagecounter=\count108

(/usr/local/texlive/2018/texmf-dist/tex/latex/hyperref/pd1enc.def
File: pd1enc.def 2018/02/06 v6.86b Hyperref: PDFDocEncoding definition (HO)
Now handling font encoding PD1 ...
... no UTF-8 mapping file for font encoding PD1
)
\Hy@SavedSpaceFactor=\count109

(/usr/local/texlive/2018/texmf-dist/tex/latex/latexconfig/hyperref.cfg
File: hyperref.cfg 2002/06/06 v1.2 hyperref configuration of TeXLive
)
Package hyperref Info: Hyper figures OFF on input line 4509.
Package hyperref Info: Link nesting OFF on input line 4514.
Package hyperref Info: Hyper index ON on input line 4517.
Package hyperref Info: Plain pages OFF on input line 4524.
Package hyperref Info: Backreferencing OFF on input line 4529.
Package hyperref Info: Implicit mode ON; LaTeX internals redefined.
Package hyperref Info: Bookmarks ON on input line 4762.
\c@Hy@tempcnt=\count110

(/usr/local/texlive/2018/texmf-dist/tex/latex/url/url.sty
\Urlmuskip=\muskip11
Package: url 2013/09/16  ver 3.4  Verb mode for urls, etc.
)
LaTeX Info: Redefining \url on input line 5115.
\XeTeXLinkMargin=\dimen132
\Fld@menulength=\count111
\Field@Width=\dimen133
\Fld@charsize=\dimen134
Package hyperref Info: Hyper figures OFF on input line 6369.
Package hyperref Info: Link nesting OFF on input line 6374.
Package hyperref Info: Hyper index ON on input line 6377.
Package hyperref Info: backreferencing OFF on input line 6384.
Package hyperref Info: Link coloring OFF on input line 6389.
Package hyperref Info: Link coloring with OCG OFF on input line 6394.
Package hyperref Info: PDF/A mode OFF on input line 6399.
LaTeX Info: Redefining \ref on input line 6439.
LaTeX Info: Redefining \pageref on input line 6443.
\Hy@abspage=\count112
\c@Item=\count113
\c@Hfootnote=\count114
)
Package hyperref Info: Driver (autodetected): hpdftex.

(/usr/local/texlive/2018/texmf-dist/tex/latex/hyperref/hpdftex.def
File: hpdftex.def 2018/02/06 v6.86b Hyperref driver for pdfTeX
\Fld@listcount=\count115
\c@bookmark@seq@number=\count116

(/usr/local/texlive/2018/texmf-dist/tex/latex/oberdiek/rerunfilecheck.sty
Package: rerunfilecheck 2016/05/16 v1.8 Rerun checks for auxiliary files (HO)
Package uniquecounter Info: New unique counter `rerunfilecheck' on input line 2
82.
)
\Hy@SectionHShift=\skip46
)
(/usr/local/texlive/2018/texmf-dist/tex/latex/csquotes/csquotes.sty
Package: csquotes 2018/02/11 v5.2c context-sensitive quotations (JAW)

(/usr/local/texlive/2018/texmf-dist/tex/latex/etoolbox/etoolbox.sty
Package: etoolbox 2018/02/11 v2.5e e-TeX tools for LaTeX (JAW)
\etb@tempcnta=\count117
)
\csq@reset=\count118
\csq@gtype=\count119
\csq@glevel=\count120
\csq@qlevel=\count121
\csq@maxlvl=\count122
\csq@tshold=\count123
\csq@ltx@everypar=\toks29

(/usr/local/texlive/2018/texmf-dist/tex/latex/csquotes/csquotes.def
File: csquotes.def 2018/02/11 v5.2c csquotes generic definitions (JAW)
)
Package csquotes Info: Trying to load configuration file 'csquotes.cfg'...
Package csquotes Info: ... configuration file loaded successfully.

(/usr/local/texlive/2018/texmf-dist/tex/latex/csquotes/csquotes.cfg
File: csquotes.cfg 
))
(/usr/local/texlive/2018/texmf-dist/tex/latex/natbib/natbib.sty
Package: natbib 2010/09/13 8.31b (PWD, AO)
\bibhang=\skip47
\bibsep=\skip48
LaTeX Info: Redefining \cite on input line 694.
\c@NAT@ctr=\count124
)
Package csquotes Info: Checking for multilingual support...
Package csquotes Info: ... none found.

(./Herrington_thesis.aux

LaTeX Warning: Label `fig:vomg' multiply defined.


LaTeX Warning: Label `fig:mapping' multiply defined.

)
\openout1 = `Herrington_thesis.aux'.

LaTeX Font Info:    Checking defaults for OML/cmm/m/it on input line 20.
LaTeX Font Info:    ... okay on input line 20.
LaTeX Font Info:    Checking defaults for T1/cmr/m/n on input line 20.
LaTeX Font Info:    ... okay on input line 20.
LaTeX Font Info:    Checking defaults for OT1/cmr/m/n on input line 20.
LaTeX Font Info:    ... okay on input line 20.
LaTeX Font Info:    Checking defaults for OMS/cmsy/m/n on input line 20.
LaTeX Font Info:    ... okay on input line 20.
LaTeX Font Info:    Checking defaults for OMX/cmex/m/n on input line 20.
LaTeX Font Info:    ... okay on input line 20.
LaTeX Font Info:    Checking defaults for U/cmr/m/n on input line 20.
LaTeX Font Info:    ... okay on input line 20.
LaTeX Font Info:    Checking defaults for PD1/pdf/m/n on input line 20.
LaTeX Font Info:    ... okay on input line 20.

*geometry* driver: auto-detecting
*geometry* detected driver: pdftex
*geometry* verbose mode - [ preamble ] result:
* driver: pdftex
* paper: <default>
* layout: <same size as paper>
* layoutoffset:(h,v)=(0.0pt,0.0pt)
* modes: 
* h-part:(L,W,R)=(72.26999pt, 469.75502pt, 72.26999pt)
* v-part:(T,H,B)=(72.26999pt, 650.43001pt, 72.26999pt)
* \paperwidth=614.295pt
* \paperheight=794.96999pt
* \textwidth=469.75502pt
* \textheight=650.43001pt
* \oddsidemargin=0.0pt
* \evensidemargin=0.0pt
* \topmargin=-37.0pt
* \headheight=12.0pt
* \headsep=25.0pt
* \topskip=12.0pt
* \footskip=30.0pt
* \marginparwidth=44.0pt
* \marginparsep=10.0pt
* \columnsep=10.0pt
* \skip\footins=10.8pt plus 4.0pt minus 2.0pt
* \hoffset=0.0pt
* \voffset=0.0pt
* \mag=1000
* \@twocolumnfalse
* \@twosidefalse
* \@mparswitchfalse
* \@reversemarginfalse
* (1in=72.27pt=25.4mm, 1cm=28.453pt)

(/usr/local/texlive/2018/texmf-dist/tex/context/base/mkii/supp-pdf.mkii
[Loading MPS to PDF converter (version 2006.09.02).]
\scratchcounter=\count125
\scratchdimen=\dimen135
\scratchbox=\box28
\nofMPsegments=\count126
\nofMParguments=\count127
\everyMPshowfont=\toks30
\MPscratchCnt=\count128
\MPscratchDim=\dimen136
\MPnumerator=\count129
\makeMPintoPDFobject=\count130
\everyMPtoPDFconversion=\toks31
) (/usr/local/texlive/2018/texmf-dist/tex/latex/oberdiek/epstopdf-base.sty
Package: epstopdf-base 2016/05/15 v2.6 Base part for package epstopdf

(/usr/local/texlive/2018/texmf-dist/tex/latex/oberdiek/grfext.sty
Package: grfext 2016/05/16 v1.2 Manage graphics extensions (HO)
)
Package epstopdf-base Info: Redefining graphics rule for `.eps' on input line 4
38.
Package grfext Info: Graphics extension search list:
(grfext)             [.pdf,.png,.jpg,.mps,.jpeg,.jbig2,.jb2,.PDF,.PNG,.JPG,.JPE
G,.JBIG2,.JB2,.eps]
(grfext)             \AppendGraphicsExtensions on input line 456.

(/usr/local/texlive/2018/texmf-dist/tex/latex/latexconfig/epstopdf-sys.cfg
File: epstopdf-sys.cfg 2010/07/13 v1.3 Configuration of (r)epstopdf for TeX Liv
e
))
\AtBeginShipoutBox=\box29
Package hyperref Info: Link coloring OFF on input line 20.

(/usr/local/texlive/2018/texmf-dist/tex/latex/hyperref/nameref.sty
Package: nameref 2016/05/21 v2.44 Cross-referencing by name of section

(/usr/local/texlive/2018/texmf-dist/tex/generic/oberdiek/gettitlestring.sty
Package: gettitlestring 2016/05/16 v1.5 Cleanup title references (HO)
)
\c@section@level=\count131
)
LaTeX Info: Redefining \ref on input line 20.
LaTeX Info: Redefining \pageref on input line 20.
LaTeX Info: Redefining \nameref on input line 20.

(./Herrington_thesis.out) (./Herrington_thesis.out)
\@outlinefile=\write3
\openout3 = `Herrington_thesis.out'.

 [1


Non-PDF special ignored!
<special> header=tree-dvips91.pro
{/usr/local/texlive/2018/texmf-var/fonts/map/pdftex/updmap/pdftex.map}]pdfTeX w
arning (ext4): destination with the same identifier (name{page.}) has been alre
ady used, duplicate ignored
<to be read again> 
                   \relax 
l.62 \newpage
              [1] [2] (./abstract.tex [3]) [4] [5] (./Herrington_thesis.toc
[6] [7] [8])
\tf@toc=\write4
\openout4 = `Herrington_thesis.toc'.

 [9] (./Herrington_thesis.lof [10] [11] [12] [13] [14] [15]
[16] [17] [18])
\tf@lof=\write5
\openout5 = `Herrington_thesis.lof'.

 (./Herrington_thesis.lot [19])
\tf@lot=\write6
\openout6 = `Herrington_thesis.lot'.

 [20] [21] [1] (./chapter1.tex
[2]
Overfull \hbox (1.64992pt too wide) in paragraph at lines 17--18
\OT1/cmr/m/n/12 The Na-tional Cen-ter for Re-search (NCAR) Com-mu-nity Cli-mate
 Model, ver-sion 1 ([]Williamson
 []

[3] [4] [5]) [6] (./chapter2.tex [7] [8] [9] [10] [11] [12] [13]
<chapter2/table1.pdf, id=1184, 472.02461pt x 147.13239pt>
File: chapter2/table1.pdf Graphic file (type pdf)
<use chapter2/table1.pdf>
Package pdftex.def Info: chapter2/table1.pdf  used on input line 55.
(pdftex.def)             Requested size: 480.0pt x 149.62402pt.

Overfull \hbox (10.24498pt too wide) in paragraph at lines 55--55
 [] 
 []

[14] [15 <./chapter2/table1.pdf>] [16]
<chapter2/table2.pdf, id=1289, 471.75598pt x 371.79591pt>
File: chapter2/table2.pdf Graphic file (type pdf)
<use chapter2/table2.pdf>
Package pdftex.def Info: chapter2/table2.pdf  used on input line 77.
(pdftex.def)             Requested size: 480.0pt x 378.29642pt.

Overfull \hbox (10.24498pt too wide) in paragraph at lines 77--77
 [] 
 []

[17 <./chapter2/table2.pdf>] [18]
<chapter2/figure1.pdf, id=1333, 287.7446pt x 526.05457pt>
File: chapter2/figure1.pdf Graphic file (type pdf)
<use chapter2/figure1.pdf>
Package pdftex.def Info: chapter2/figure1.pdf  used on input line 100.
(pdftex.def)             Requested size: 240.0pt x 438.77638pt.
 [19] [20 <./chapter2/figure1.pdf>] [21]
<chapter2/figure2.pdf, id=1376, 301.65367pt x 548.42905pt>
File: chapter2/figure2.pdf Graphic file (type pdf)
<use chapter2/figure2.pdf>
Package pdftex.def Info: chapter2/figure2.pdf  used on input line 126.
(pdftex.def)             Requested size: 240.0pt x 436.35048pt.

[22] [23 <./chapter2/figure2.pdf>] [24]
<chapter2/figure3.pdf, id=1436, 469.7281pt x 689.93243pt>
File: chapter2/figure3.pdf Graphic file (type pdf)
<use chapter2/figure3.pdf>
Package pdftex.def Info: chapter2/figure3.pdf  used on input line 149.
(pdftex.def)             Requested size: 360.0pt x 528.76512pt.


LaTeX Warning: Float too large for page by 5.16843pt on input line 153.

[25] [26 <./chapter2/figure3.pdf>]
<chapter2/figure4.pdf, id=1475, 300.35513pt x 546.04913pt>
File: chapter2/figure4.pdf Graphic file (type pdf)
<use chapter2/figure4.pdf>
Package pdftex.def Info: chapter2/figure4.pdf  used on input line 161.
(pdftex.def)             Requested size: 240.0pt x 436.33163pt.
 [27] [28 <./chapter2/figure4.pdf>] [29]
<chapter2/table3.pdf, id=1529, 232.07236pt x 45.25989pt>
File: chapter2/table3.pdf Graphic file (type pdf)
<use chapter2/table3.pdf>
Package pdftex.def Info: chapter2/table3.pdf  used on input line 184.
(pdftex.def)             Requested size: 240.0pt x 46.80742pt.

[30]
<chapter2/figure5.pdf, id=1554, 508.47552pt x 484.6432pt>
File: chapter2/figure5.pdf Graphic file (type pdf)
<use chapter2/figure5.pdf>
Package pdftex.def Info: chapter2/figure5.pdf  used on input line 198.
(pdftex.def)             Requested size: 240.0pt x 228.75108pt.
<chapter2/figure6.pdf, id=1555, 543.02875pt x 661.47125pt>
File: chapter2/figure6.pdf Graphic file (type pdf)
<use chapter2/figure6.pdf>
Package pdftex.def Info: chapter2/figure6.pdf  used on input line 206.
(pdftex.def)             Requested size: 420.0pt x 511.6256pt.
 [31 <./chapter2/table3.pdf>] [32 <./chapter2/figure5.pdf>] [33 <./chapter2/fig
ure6.pdf>]
<chapter2/figure7.pdf, id=1625, 284.28758pt x 535.07043pt>
File: chapter2/figure7.pdf Graphic file (type pdf)
<use chapter2/figure7.pdf>
Package pdftex.def Info: chapter2/figure7.pdf  used on input line 218.
(pdftex.def)             Requested size: 300.0pt x 564.64912pt.


LaTeX Warning: Float too large for page by 12.05243pt on input line 222.

[34] [35 <./chapter2/figure7.pdf>] [36]) [37] (./chapter3.tex [38]
Package epstopdf Info: Source file: <chapter3/Figure1.eps>
(epstopdf)                    date: 2017-10-10 13:48:00
(epstopdf)                    size: 4276691 bytes
(epstopdf)             Output file: <chapter3/Figure1-eps-converted-to.pdf>
(epstopdf)                    date: 2019-04-09 16:02:43
(epstopdf)                    size: 1068071 bytes
(epstopdf)             Command: <repstopdf --outfile=chapter3/Figure1-eps-conve
rted-to.pdf chapter3/Figure1.eps>
(epstopdf)             \includegraphics on input line 10.
Package epstopdf Info: Output file is already uptodate.
<chapter3/Figure1-eps-converted-to.pdf, id=1776, 543.02875pt x 661.47125pt>
File: chapter3/Figure1-eps-converted-to.pdf Graphic file (type pdf)
<use chapter3/Figure1-eps-converted-to.pdf>
Package pdftex.def Info: chapter3/Figure1-eps-converted-to.pdf  used on input l
ine 10.
(pdftex.def)             Requested size: 300.0pt x 365.44542pt.
 [39]
[40 <./chapter3/Figure1-eps-converted-to.pdf>] [41] [42]
<chapter3/table1.pdf, id=1852, 262.79347pt x 65.05795pt>
File: chapter3/table1.pdf Graphic file (type pdf)
<use chapter3/table1.pdf>
Package pdftex.def Info: chapter3/table1.pdf  used on input line 40.
(pdftex.def)             Requested size: 300.0pt x 74.27203pt.
 [43 <./chapter3/table1.pdf>] [44] [45]
Package epstopdf Info: Source file: <chapter3/Figure2.eps>
(epstopdf)                    date: 2017-09-26 16:37:53
(epstopdf)                    size: 379113 bytes
(epstopdf)             Output file: <chapter3/Figure2-eps-converted-to.pdf>
(epstopdf)                    date: 2019-04-09 16:37:24
(epstopdf)                    size: 107999 bytes
(epstopdf)             Command: <repstopdf --outfile=chapter3/Figure2-eps-conve
rted-to.pdf chapter3/Figure2.eps>
(epstopdf)             \includegraphics on input line 65.
Package epstopdf Info: Output file is already uptodate.
<chapter3/Figure2-eps-converted-to.pdf, id=2009, 509.905pt x 305.14pt>
File: chapter3/Figure2-eps-converted-to.pdf Graphic file (type pdf)
<use chapter3/Figure2-eps-converted-to.pdf>
Package pdftex.def Info: chapter3/Figure2-eps-converted-to.pdf  used on input l
ine 65.
(pdftex.def)             Requested size: 300.0pt x 179.53748pt.
 [46] [47 <./chapter3/Figure2-eps-converted-to.pdf>]
<chapter3/table2.pdf, id=2035, 260.72856pt x 55.8082pt>
File: chapter3/table2.pdf Graphic file (type pdf)
<use chapter3/table2.pdf>
Package pdftex.def Info: chapter3/table2.pdf  used on input line 98.
(pdftex.def)             Requested size: 300.0pt x 64.21552pt.
 [48]
<chapter3/table3.pdf, id=2052, 260.6912pt x 135.43158pt>
File: chapter3/table3.pdf Graphic file (type pdf)
<use chapter3/table3.pdf>
Package pdftex.def Info: chapter3/table3.pdf  used on input line 110.
(pdftex.def)             Requested size: 240.0pt x 124.68329pt.
<chapter3/Figure3_crop.pdf, id=2055, 290.4445pt x 542.025pt>
File: chapter3/Figure3_crop.pdf Graphic file (type pdf)
<use chapter3/Figure3_crop.pdf>
Package pdftex.def Info: chapter3/Figure3_crop.pdf  used on input line 118.
(pdftex.def)             Requested size: 240.0pt x 447.8874pt.

[49 <./chapter3/table2.pdf>] [50 <./chapter3/Figure3_crop.pdf>]
<chapter3/Figure4_crop.pdf, id=2138, 531.90834pt x 390.18102pt>
File: chapter3/Figure4_crop.pdf Graphic file (type pdf)
<use chapter3/Figure4_crop.pdf>
Package pdftex.def Info: chapter3/Figure4_crop.pdf  used on input line 130.
(pdftex.def)             Requested size: 300.0pt x 220.05974pt.
 [51 <./chapter3/table3.pdf>]
<chapter3/Figure5_crop.pdf, id=2209, 347.5148pt x 329.14267pt>
File: chapter3/Figure5_crop.pdf Graphic file (type pdf)
<use chapter3/Figure5_crop.pdf>
Package pdftex.def Info: chapter3/Figure5_crop.pdf  used on input line 143.
(pdftex.def)             Requested size: 240.0pt x 227.31961pt.
 [52 <./chapter3/Figure4_crop.pdf>] [53 <./chapter3/Figure5_crop.pdf>]
<chapter3/Figure6_crop.pdf, id=2248, 266.87645pt x 525.39818pt>
File: chapter3/Figure6_crop.pdf Graphic file (type pdf)
<use chapter3/Figure6_crop.pdf>
Package pdftex.def Info: chapter3/Figure6_crop.pdf  used on input line 158.
(pdftex.def)             Requested size: 240.0pt x 472.48521pt.
<chapter3/Figure7_crop.pdf, id=2263, 274.63312pt x 259.6307pt>
File: chapter3/Figure7_crop.pdf Graphic file (type pdf)
<use chapter3/Figure7_crop.pdf>
Package pdftex.def Info: chapter3/Figure7_crop.pdf  used on input line 171.
(pdftex.def)             Requested size: 240.0pt x 226.89502pt.
 [54] [55 <./chapter3/Figure6_crop.pdf>] [56 <./chapter3/Figure7_crop.pdf>]
<chapter3/Figure8_crop.pdf, id=2312, 409.24776pt x 262.7674pt>
File: chapter3/Figure8_crop.pdf Graphic file (type pdf)
<use chapter3/Figure8_crop.pdf>
Package pdftex.def Info: chapter3/Figure8_crop.pdf  used on input line 183.
(pdftex.def)             Requested size: 300.0pt x 192.63252pt.
[57 <./chapter3/Figure8_crop.pdf>]
<chapter3/Figure9_crop.pdf, id=2332, 521.68527pt x 199.87161pt>
File: chapter3/Figure9_crop.pdf Graphic file (type pdf)
<use chapter3/Figure9_crop.pdf>
Package pdftex.def Info: chapter3/Figure9_crop.pdf  used on input line 194.
(pdftex.def)             Requested size: 420.0pt x 160.91917pt.
 [58 <./chapter3/Figure9_crop.pdf>] [59]
<chapter3/Figure10_crop.pdf, id=2387, 430.20995pt x 391.09955pt>
File: chapter3/Figure10_crop.pdf Graphic file (type pdf)
<use chapter3/Figure10_crop.pdf>
Package pdftex.def Info: chapter3/Figure10_crop.pdf  used on input line 215.
(pdftex.def)             Requested size: 240.0pt x 218.17877pt.

[60] [61 <./chapter3/Figure10_crop.pdf>] [62] [63] [64]
Package epstopdf Info: Source file: <chapter3/SFigure1.eps>
(epstopdf)                    date: 2017-10-11 14:13:08
(epstopdf)                    size: 157127 bytes
(epstopdf)             Output file: <chapter3/SFigure1-eps-converted-to.pdf>
(epstopdf)                    date: 2019-04-10 16:47:52
(epstopdf)                    size: 53453 bytes
(epstopdf)             Command: <repstopdf --outfile=chapter3/SFigure1-eps-conv
erted-to.pdf chapter3/SFigure1.eps>
(epstopdf)             \includegraphics on input line 244.
Package epstopdf Info: Output file is already uptodate.
<chapter3/SFigure1-eps-converted-to.pdf, id=2491, 542.025pt x 542.025pt>
File: chapter3/SFigure1-eps-converted-to.pdf Graphic file (type pdf)
<use chapter3/SFigure1-eps-converted-to.pdf>
Package pdftex.def Info: chapter3/SFigure1-eps-converted-to.pdf  used on input 
line 244.
(pdftex.def)             Requested size: 300.0pt x 300.00864pt.
 [65]
<chapter3/SFigure2_crop.pdf, id=2496, 343.79556pt x 326.89548pt>
File: chapter3/SFigure2_crop.pdf Graphic file (type pdf)
<use chapter3/SFigure2_crop.pdf>
Package pdftex.def Info: chapter3/SFigure2_crop.pdf  used on input line 252.
(pdftex.def)             Requested size: 300.0pt x 285.25969pt.
) [66 <./chapter3/SFigure1-eps-converted-to.pdf>] [67 <./chapter3/SFigure2_crop
.pdf>]
(./chapter4.tex
<chapter4/gll.pdf, id=2557, 876.84938pt x 845.3949pt>
File: chapter4/gll.pdf Graphic file (type pdf)
<use chapter4/gll.pdf>
Package pdftex.def Info: chapter4/gll.pdf  used on input line 6.
(pdftex.def)             Requested size: 300.0pt x 289.23642pt.
 [68] [69 <./chapter4/gll.pdf>] [70]
<chapter4/se-schematic-arh-CROP.pdf, id=2639, 554.78023pt x 370.65266pt>
File: chapter4/se-schematic-arh-CROP.pdf Graphic file (type pdf)
<use chapter4/se-schematic-arh-CROP.pdf>
Package pdftex.def Info: chapter4/se-schematic-arh-CROP.pdf  used on input line
 27.
(pdftex.def)             Requested size: 420.0pt x 280.61871pt.
 [71] [72 <./chapter4/se-schematic-arh-CROP.pdf>]
<chapter4/temp_pdf_200bins_30min_trX25min.pdf, id=2665, 546.23047pt x 261.98096
pt>
File: chapter4/temp_pdf_200bins_30min_trX25min.pdf Graphic file (type pdf)
<use chapter4/temp_pdf_200bins_30min_trX25min.pdf>
Package pdftex.def Info: chapter4/temp_pdf_200bins_30min_trX25min.pdf  used on 
input line 37.
(pdftex.def)             Requested size: 420.0pt x 201.44212pt.
 [73 <./chapter4/temp_pdf_200bins_30min_trX25min.pdf>]
<chapter4/se_gll_cv_grid-eps-converted-to.pdf, id=2682, 361.35pt x 368.37625pt>

File: chapter4/se_gll_cv_grid-eps-converted-to.pdf Graphic file (type pdf)
<use chapter4/se_gll_cv_grid-eps-converted-to.pdf>
Package pdftex.def Info: chapter4/se_gll_cv_grid-eps-converted-to.pdf  used on 
input line 46.
(pdftex.def)             Requested size: 180.0pt x 183.5019pt.

[74] [75 <./chapter4/se_gll_cv_grid-eps-converted-to.pdf>]
<chapter4/np4_pg3.pdf, id=2698, 730.73pt x 418.56375pt>
File: chapter4/np4_pg3.pdf Graphic file (type pdf)
<use chapter4/np4_pg3.pdf>
Package pdftex.def Info: chapter4/np4_pg3.pdf  used on input line 59.
(pdftex.def)             Requested size: 300.0pt x 171.84216pt.
 [76 <./chapter4/np4_pg3.pdf>] [77] [78] [79] [80] [81]
<chapter4/temp_l2.pdf, id=2800, 519.3532pt x 493.35657pt>
File: chapter4/temp_l2.pdf Graphic file (type pdf)
<use chapter4/temp_l2.pdf>
Package pdftex.def Info: chapter4/temp_l2.pdf  used on input line 118.
(pdftex.def)             Requested size: 240.0pt x 227.98564pt.
 [82 <./chapter4/temp_l2.pdf>]
<chapter4/terminator_iCLy.pdf, id=2820, 425.48474pt x 492.70905pt>
File: chapter4/terminator_iCLy.pdf Graphic file (type pdf)
<use chapter4/terminator_iCLy.pdf>
Package pdftex.def Info: chapter4/terminator_iCLy.pdf  used on input line 128.
(pdftex.def)             Requested size: 300.0pt x 347.40503pt.
<chapter4/temp_dzonal.pdf, id=2827, 390.81729pt x 261.74356pt>
File: chapter4/temp_dzonal.pdf Graphic file (type pdf)
<use chapter4/temp_dzonal.pdf>
Package pdftex.def Info: chapter4/temp_dzonal.pdf  used on input line 140.
(pdftex.def)             Requested size: 240.0pt x 160.73767pt.
 [83 <./chapter4/terminator_iCLy.pdf>] [84 <./chapter4/temp_dzonal.pdf>]
<chapter4/QPC4_bar_skk.pdf, id=2864, 546.80856pt x 344.52374pt>
File: chapter4/QPC4_bar_skk.pdf Graphic file (type pdf)
<use chapter4/QPC4_bar_skk.pdf>
Package pdftex.def Info: chapter4/QPC4_bar_skk.pdf  used on input line 156.
(pdftex.def)             Requested size: 360.0pt x 226.82912pt.
 [85] [86 <./chapter4/QPC4_bar_skk.pdf>]
<chapter4/FHS-contours-CROP.pdf, id=2894, 547.32158pt x 387.92027pt>
File: chapter4/FHS-contours-CROP.pdf Graphic file (type pdf)
<use chapter4/FHS-contours-CROP.pdf>
Package pdftex.def Info: chapter4/FHS-contours-CROP.pdf  used on input line 170
.
(pdftex.def)             Requested size: 360.0pt x 255.15211pt.
 [87 <./chapter4/FHS-contours-CROP.pdf>]
<chapter4/AMIP_regional.pdf, id=2918, 549.49713pt x 391.6261pt>
File: chapter4/AMIP_regional.pdf Graphic file (type pdf)
<use chapter4/AMIP_regional.pdf>
Package pdftex.def Info: chapter4/AMIP_regional.pdf  used on input line 184.
(pdftex.def)             Requested size: 360.0pt x 256.57971pt.

Overfull \hbox (12.7755pt too wide) in paragraph at lines 190--191
[]\OT1/cmr/m/n/12 To as-sist in iden-ti-fy-ing whether a par-tic-u-lar pre-cip-
i-ta-tion pat-tern is spu-ri-ous, an $\OML/cmm/m/it/12 F\OT1/cmr/m/n/12 2000\OM
L/cmm/m/it/12 climo$
 []

[88]
<chapter4/AMIP_global.pdf, id=2930, 240.72084pt x 531.01738pt>
File: chapter4/AMIP_global.pdf Graphic file (type pdf)
<use chapter4/AMIP_global.pdf>
Package pdftex.def Info: chapter4/AMIP_global.pdf  used on input line 194.
(pdftex.def)             Requested size: 168.0pt x 370.59955pt.
 [89 <./chapter4/AMIP_regional.pdf>] [90 <./chapter4/AMIP_global.pdf>]
[91]) [92] (./chapter5.tex [93] [94] [95] [96]
<chapter5/fig-overview.pdf, id=3053, 536.57887pt x 344.57072pt>
File: chapter5/fig-overview.pdf Graphic file (type pdf)
<use chapter5/fig-overview.pdf>
Package pdftex.def Info: chapter5/fig-overview.pdf  used on input line 27.
(pdftex.def)             Requested size: 420.0pt x 269.71573pt.
 [97] [98 <./chapter5/fig-overview.pdf>]

Package hyperref Warning: Token not allowed in a PDF string (PDFDocEncoding):
(hyperref)                removing `math shift' on input line 52.


Package hyperref Warning: Token not allowed in a PDF string (PDFDocEncoding):
(hyperref)                removing `superscript' on input line 52.


Package hyperref Warning: Token not allowed in a PDF string (PDFDocEncoding):
(hyperref)                removing `math shift' on input line 52.


Package hyperref Warning: Token not allowed in a PDF string (PDFDocEncoding):
(hyperref)                removing `math shift' on input line 52.


Package hyperref Warning: Token not allowed in a PDF string (PDFDocEncoding):
(hyperref)                removing `superscript' on input line 52.


Package hyperref Warning: Token not allowed in a PDF string (PDFDocEncoding):
(hyperref)                removing `math shift' on input line 52.

<chapter5/area-schematic.png, id=3183, 1991.44pt x 948.54375pt>
File: chapter5/area-schematic.png Graphic file (type png)
<use chapter5/area-schematic.png>
Package pdftex.def Info: chapter5/area-schematic.png  used on input line 57.
(pdftex.def)             Requested size: 360.0pt x 171.46866pt.
[99] [100 <./chapter5/area-schematic.png>]

Package hyperref Warning: Token not allowed in a PDF string (PDFDocEncoding):
(hyperref)                removing `math shift' on input line 92.


Package hyperref Warning: Token not allowed in a PDF string (PDFDocEncoding):
(hyperref)                removing `superscript' on input line 92.


Package hyperref Warning: Token not allowed in a PDF string (PDFDocEncoding):
(hyperref)                removing `math shift' on input line 92.


Package hyperref Warning: Token not allowed in a PDF string (PDFDocEncoding):
(hyperref)                removing `math shift' on input line 92.


Package hyperref Warning: Token not allowed in a PDF string (PDFDocEncoding):
(hyperref)                removing `superscript' on input line 92.


Package hyperref Warning: Token not allowed in a PDF string (PDFDocEncoding):
(hyperref)                removing `math shift' on input line 92.

[101] [102] [103]
<chapter5/alg-schematic.png, id=3254, 3319.40125pt x 948.54375pt>
File: chapter5/alg-schematic.png Graphic file (type png)
<use chapter5/alg-schematic.png>
Package pdftex.def Info: chapter5/alg-schematic.png  used on input line 142.
(pdftex.def)             Requested size: 480.0pt x 137.15176pt.

Overfull \hbox (10.24498pt too wide) in paragraph at lines 142--142
 [] 
 []

[104] [105 <./chapter5/alg-schematic.png>] [106]
<chapter5/mapping.pdf, id=3290, 748.53903pt x 412.52048pt>
File: chapter5/mapping.pdf Graphic file (type pdf)
<use chapter5/mapping.pdf>
Package pdftex.def Info: chapter5/mapping.pdf  used on input line 197.
(pdftex.def)             Requested size: 480.0pt x 264.52835pt.

Overfull \hbox (10.24498pt too wide) in paragraph at lines 197--197
 [] 
 []

[107] [108 <./chapter5/mapping.pdf, page is rotated 270 degrees>] [109]
[110] [111]
<chapter5/temp_CLDLIQ.pdf, id=3450, 538.08168pt x 366.12012pt>
File: chapter5/temp_CLDLIQ.pdf Graphic file (type pdf)
<use chapter5/temp_CLDLIQ.pdf>
Package pdftex.def Info: chapter5/temp_CLDLIQ.pdf  used on input line 255.
(pdftex.def)             Requested size: 300.0pt x 204.12643pt.
 [112 <./chapter5/temp_CLDLIQ.pdf>]
<chapter5/temp_terminator.pdf, id=3466, 426.71475pt x 495.24535pt>
File: chapter5/temp_terminator.pdf Graphic file (type pdf)
<use chapter5/temp_terminator.pdf>
Package pdftex.def Info: chapter5/temp_terminator.pdf  used on input line 265.
(pdftex.def)             Requested size: 240.0pt x 278.54459pt.
 [113 <./chapter5/temp_terminator.pdf>] [114]
<chapter5/fhstopo_ne30pg2-v-ne30pg3-v-10Xnudiv.pdf, id=3492, 546.14795pt x 390.
19397pt>
File: chapter5/fhstopo_ne30pg2-v-ne30pg3-v-10Xnudiv.pdf Graphic file (type pdf)

<use chapter5/fhstopo_ne30pg2-v-ne30pg3-v-10Xnudiv.pdf>
Package pdftex.def Info: chapter5/fhstopo_ne30pg2-v-ne30pg3-v-10Xnudiv.pdf  use
d on input line 282.
(pdftex.def)             Requested size: 360.0pt x 257.20729pt.
 [115 <./chapter5/fhstopo_ne30pg2-v-ne30pg3-v-10Xnudiv.pdf>]
<chapter5/fhstopo_Divergence_ne30pg2-v-ne30pg3-v-10Xnudiv.pdf, id=3507, 521.008
93pt x 521.19388pt>
File: chapter5/fhstopo_Divergence_ne30pg2-v-ne30pg3-v-10Xnudiv.pdf Graphic file
 (type pdf)
<use chapter5/fhstopo_Divergence_ne30pg2-v-ne30pg3-v-10Xnudiv.pdf>
Package pdftex.def Info: chapter5/fhstopo_Divergence_ne30pg2-v-ne30pg3-v-10Xnud
iv.pdf  used on input line 292.
(pdftex.def)             Requested size: 240.0pt x 240.0861pt.

[116 <./chapter5/fhstopo_Divergence_ne30pg2-v-ne30pg3-v-10Xnudiv.pdf>] [117]
Underfull \hbox (badness 10000) in paragraph at lines 312--313

 []

<chapter5/panel_transGLL.pdf, id=3558, 544.5411pt x 530.47968pt>
File: chapter5/panel_transGLL.pdf Graphic file (type pdf)
<use chapter5/panel_transGLL.pdf>
Package pdftex.def Info: chapter5/panel_transGLL.pdf  used on input line 334.
(pdftex.def)             Requested size: 360.0pt x 350.70856pt.
[118] [119 <./chapter5/panel_transGLL.pdf>]
<chapter5/panel_ne20pg2-ne30pg2-ne30pg3.pdf, id=3587, 547.8952pt x 184.11635pt>

File: chapter5/panel_ne20pg2-ne30pg2-ne30pg3.pdf Graphic file (type pdf)
<use chapter5/panel_ne20pg2-ne30pg2-ne30pg3.pdf>
Package pdftex.def Info: chapter5/panel_ne20pg2-ne30pg2-ne30pg3.pdf  used on in
put line 346.
(pdftex.def)             Requested size: 480.0pt x 161.30367pt.

Overfull \hbox (10.24498pt too wide) in paragraph at lines 346--346
 [] 
 []

[120] [121 <./chapter5/panel_ne20pg2-ne30pg2-ne30pg3.pdf>]
Underfull \hbox (badness 10000) in paragraph at lines 362--363

 []

[122]
<chapter5/panel_ne80pg3_ne120pg2_ne120pg3.pdf, id=3621, 546.29094pt x 183.71306
pt>
File: chapter5/panel_ne80pg3_ne120pg2_ne120pg3.pdf Graphic file (type pdf)
<use chapter5/panel_ne80pg3_ne120pg2_ne120pg3.pdf>
Package pdftex.def Info: chapter5/panel_ne80pg3_ne120pg2_ne120pg3.pdf  used on 
input line 383.
(pdftex.def)             Requested size: 480.0pt x 161.4213pt.

Overfull \hbox (10.24498pt too wide) in paragraph at lines 383--383
 [] 
 []

[123 <./chapter5/panel_ne80pg3_ne120pg2_ne120pg3.pdf>]
Underfull \hbox (badness 10000) in paragraph at lines 393--394

 []

[124]
<chapter5/panel_diags.pdf, id=3653, 413.731pt x 148.34662pt>
File: chapter5/panel_diags.pdf Graphic file (type pdf)
<use chapter5/panel_diags.pdf>
Package pdftex.def Info: chapter5/panel_diags.pdf  used on input line 414.
(pdftex.def)             Requested size: 420.0pt x 150.59625pt.
 [125 <./chapter5/panel_diags.pdf>]) [126] [127] (./chapter6.tex [128]
[129]
<chapter6/temp_2pdf.pdf, id=3749, 545.91232pt x 254.93684pt>
File: chapter6/temp_2pdf.pdf Graphic file (type pdf)
<use chapter6/temp_2pdf.pdf>
Package pdftex.def Info: chapter6/temp_2pdf.pdf  used on input line 21.
(pdftex.def)             Requested size: 420.0pt x 196.1347pt.
 [130 <./chapter6/temp_2pdf.pdf>]
<chapter6/temp_diags_8panel.pdf, id=3765, 542.05417pt x 254.14368pt>
File: chapter6/temp_diags_8panel.pdf Graphic file (type pdf)
<use chapter6/temp_diags_8panel.pdf>
Package pdftex.def Info: chapter6/temp_diags_8panel.pdf  used on input line 35.

(pdftex.def)             Requested size: 480.0pt x 225.0548pt.

Overfull \hbox (10.24498pt too wide) in paragraph at lines 35--35
 [] 
 []

<chapter6/temp_cape.pdf, id=3769, 545.93022pt x 256.12437pt>
File: chapter6/temp_cape.pdf Graphic file (type pdf)
<use chapter6/temp_cape.pdf>
Package pdftex.def Info: chapter6/temp_cape.pdf  used on input line 45.
(pdftex.def)             Requested size: 240.0pt x 112.59735pt.
[131] [132 <./chapter6/temp_diags_8panel.pdf> <./chapter6/temp_cape.pdf>]
<chapter6/temp_zonal_fracd*vomgd.pdf, id=3797, 391.73804pt x 501.54114pt>
File: chapter6/temp_zonal_fracd*vomgd.pdf Graphic file (type pdf)
<use chapter6/temp_zonal_fracd*vomgd.pdf>
Package pdftex.def Info: chapter6/temp_zonal_fracd*vomgd.pdf  used on input lin
e 57.
(pdftex.def)             Requested size: 240.0pt x 307.27124pt.


LaTeX Warning: Reference `fig:cape' on page 133 undefined on input line 63.


LaTeX Warning: Reference `fig:cape' on page 133 undefined on input line 63.


LaTeX Warning: Reference `fig:cape' on page 133 undefined on input line 63.

[133 <./chapter6/temp_zonal_fracd*vomgd.pdf>]
<chapter6/temp_zonal_4reg_dwn.pdf, id=3810, 263.69264pt x 498.08405pt>
File: chapter6/temp_zonal_4reg_dwn.pdf Graphic file (type pdf)
<use chapter6/temp_zonal_4reg_dwn.pdf>
Package pdftex.def Info: chapter6/temp_zonal_4reg_dwn.pdf  used on input line 6
7.
(pdftex.def)             Requested size: 168.0pt x 317.33627pt.
 [134 <./chapter6/temp_zonal_4reg_dwn.pdf>]) [135] [136] [137] (./appendix.tex
<chapter4/mapping.pdf, id=3846, 215.05391pt x 209.76802pt>
File: chapter4/mapping.pdf Graphic file (type pdf)
<use chapter4/mapping.pdf>
Package pdftex.def Info: chapter4/mapping.pdf  used on input line 16.
(pdftex.def)             Requested size: 240.0pt x 234.10634pt.


Package hyperref Warning: Token not allowed in a PDF string (PDFDocEncoding):
(hyperref)                removing `math shift' on input line 22.


Package hyperref Warning: Token not allowed in a PDF string (PDFDocEncoding):
(hyperref)                removing `\Delta' on input line 22.


Package hyperref Warning: Token not allowed in a PDF string (PDFDocEncoding):
(hyperref)                removing `subscript' on input line 22.


Package hyperref Warning: Token not allowed in a PDF string (PDFDocEncoding):
(hyperref)                removing `math shift' on input line 22.

[138] [139 <./chapter4/mapping.pdf>]
<chapter5/bubble_test.pdf, id=3888, 318.51808pt x 323.30608pt>
File: chapter5/bubble_test.pdf Graphic file (type pdf)
<use chapter5/bubble_test.pdf>
Package pdftex.def Info: chapter5/bubble_test.pdf  used on input line 29.
(pdftex.def)             Requested size: 240.0pt x 243.60867pt.
 [140 <./chapter5/bubble_test.pdf>]
<chapter5/panel_pdf_dtphys.pdf, id=3909, 432.21745pt x 207.24084pt>
File: chapter5/panel_pdf_dtphys.pdf Graphic file (type pdf)
<use chapter5/panel_pdf_dtphys.pdf>
Package pdftex.def Info: chapter5/panel_pdf_dtphys.pdf  used on input line 41.
(pdftex.def)             Requested size: 240.0pt x 115.07693pt.

[141 <./chapter5/panel_pdf_dtphys.pdf>]
<chapter5/panel_loworder.pdf, id=3924, 531.40268pt x 282.21727pt>
File: chapter5/panel_loworder.pdf Graphic file (type pdf)
<use chapter5/panel_loworder.pdf>
Package pdftex.def Info: chapter5/panel_loworder.pdf  used on input line 55.
(pdftex.def)             Requested size: 360.0pt x 191.19466pt.
 [142 <./chapter5/panel_loworder.pdf>])
[143] (./Herrington_thesis.bbl [144] [145] [146] [147] [148] [149] [150]
[151] [152] [153] [154] [155] [156] [157] [158] [159] [160] [161])
Package atveryend Info: Empty hook `BeforeClearDocument' on input line 254.
 [162]
Package atveryend Info: Empty hook `AfterLastShipout' on input line 254.

(./Herrington_thesis.aux)
Package atveryend Info: Executing hook `AtVeryEndDocument' on input line 254.
Package atveryend Info: Executing hook `AtEndAfterFileList' on input line 254.
Package rerunfilecheck Info: File `Herrington_thesis.out' has not changed.
(rerunfilecheck)             Checksum: B65AA3FAF86A3C700D44BA5E76CC3466;5808.


LaTeX Warning: There were undefined references.


LaTeX Warning: There were multiply-defined labels.

Package atveryend Info: Empty hook `AtVeryVeryEnd' on input line 254.
 )
(\end occurred inside a group at level 2)

### simple group (level 2) entered at line 11 ({)
### simple group (level 1) entered at line 164 ({)
### bottom level 
Here is how much of TeX's memory you used:
 8925 strings out of 492649
 134544 string characters out of 6129622
 292009 words of memory out of 5000000
 12085 multiletter control sequences out of 15000+600000
 11925 words of font info for 43 fonts, out of 8000000 for 9000
 1141 hyphenation exceptions out of 8191
 28i,11n,32p,1870b,933s stack positions out of 5000i,500n,10000p,200000b,80000s
</usr/local/texlive/2018/texmf-dist/fonts/type1/public/amsfonts
/cm/cmbx12.pfb></usr/local/texlive/2018/texmf-dist/fonts/type1/public/amsfonts/
cm/cmex10.pfb></usr/local/texlive/2018/texmf-dist/fonts/type1/public/amsfonts/c
mextra/cmex8.pfb></usr/local/texlive/2018/texmf-dist/fonts/type1/public/amsfont
s/cm/cmmi10.pfb></usr/local/texlive/2018/texmf-dist/fonts/type1/public/amsfonts
/cm/cmmi12.pfb></usr/local/texlive/2018/texmf-dist/fonts/type1/public/amsfonts/
cm/cmmi6.pfb></usr/local/texlive/2018/texmf-dist/fonts/type1/public/amsfonts/cm
/cmmi7.pfb></usr/local/texlive/2018/texmf-dist/fonts/type1/public/amsfonts/cm/c
mmi8.pfb></usr/local/texlive/2018/texmf-dist/fonts/type1/public/amsfonts/cm/cmr
10.pfb></usr/local/texlive/2018/texmf-dist/fonts/type1/public/amsfonts/cm/cmr12
.pfb></usr/local/texlive/2018/texmf-dist/fonts/type1/public/amsfonts/cm/cmr6.pf
b></usr/local/texlive/2018/texmf-dist/fonts/type1/public/amsfonts/cm/cmr7.pfb><
/usr/local/texlive/2018/texmf-dist/fonts/type1/public/amsfonts/cm/cmr8.pfb></us
r/local/texlive/2018/texmf-dist/fonts/type1/public/amsfonts/cm/cmsy10.pfb></usr
/local/texlive/2018/texmf-dist/fonts/type1/public/amsfonts/cm/cmsy7.pfb></usr/l
ocal/texlive/2018/texmf-dist/fonts/type1/public/amsfonts/cm/cmsy8.pfb></usr/loc
al/texlive/2018/texmf-dist/fonts/type1/public/amsfonts/cm/cmti12.pfb></usr/loca
l/texlive/2018/texmf-dist/fonts/type1/public/amsfonts/cm/cmtt12.pfb>
Output written on Herrington_thesis.pdf (184 pages, 59033708 bytes).
PDF statistics:
 4225 PDF objects out of 4296 (max. 8388607)
 3721 compressed objects within 38 object streams
 559 named destinations out of 1000 (max. 500000)
 867 words of extra memory for PDF output out of 10000 (max. 10000000)

